<?xml version="1.0" encoding="utf-8"?>
<coverage line-rate="0.7777" branch-rate="1" version="1.9" timestamp="1638896177" lines-covered="35" lines-valid="45" branches-covered="4" branches-valid="4">
  <sources>
    <source>C:\Users\sstef\Documents\Faculta\tas\tema\NUnit_testing\Account\</source>
  </sources>
  <packages>
    <package name="Account" line-rate="0.7777" branch-rate="1" complexity="15">
      <classes>
        <class name="bank.Account" filename="Account.cs" line-rate="1" branch-rate="1" complexity="12">
          <methods>
            <method name="get_Balance" signature="()" line-rate="1" branch-rate="1" complexity="1">
              <lines>
                <line number="15" hits="72" branch="False" />
              </lines>
            </method>
            <method name="get_MinBalance" signature="()" line-rate="1" branch-rate="1" complexity="1">
              <lines>
                <line number="20" hits="45" branch="False" />
              </lines>
            </method>
            <method name="Deposit" signature="(System.Single)" line-rate="1" branch-rate="1" complexity="1">
              <lines>
                <line number="37" hits="72" branch="False" />
                <line number="38" hits="72" branch="False" />
                <line number="39" hits="72" branch="False" />
              </lines>
            </method>
            <method name="Withdraw" signature="(System.Single)" line-rate="1" branch-rate="1" complexity="1">
              <lines>
                <line number="42" hits="6" branch="False" />
                <line number="43" hits="6" branch="False" />
                <line number="44" hits="6" branch="False" />
              </lines>
            </method>
            <method name="TransferFunds" signature="(bank.Account,System.Single)" line-rate="1" branch-rate="1" complexity="1">
              <lines>
                <line number="47" hits="1" branch="False" />
                <line number="48" hits="1" branch="False" />
                <line number="49" hits="1" branch="False" />
                <line number="50" hits="1" branch="False" />
              </lines>
            </method>
            <method name="TransferMinFunds" signature="(bank.Account,System.Single)" line-rate="1" branch-rate="1" complexity="4">
              <lines>
                <line number="53" hits="15" branch="False" />
                <line number="54" hits="15" branch="True" condition-coverage="100% (4/4)">
                  <conditions>
                    <condition number="15" type="jump" coverage="100%" />
                    <condition number="30" type="jump" coverage="100%" />
                  </conditions>
                </line>
                <line number="55" hits="3" branch="False" />
                <line number="56" hits="3" branch="False" />
                <line number="57" hits="3" branch="False" />
                <line number="58" hits="3" branch="False" />
                <line number="59" hits="12" branch="False" />
                <line number="60" hits="3" branch="False" />
                <line number="61" hits="3" branch="False" />
              </lines>
            </method>
            <method name="TransferFundsFromEurAccount" signature="(bank.Account,System.Single,bank.ICurrencyConvertor)" line-rate="1" branch-rate="1" complexity="1">
              <lines>
                <line number="64" hits="2" branch="False" />
                <line number="65" hits="2" branch="False" />
                <line number="67" hits="2" branch="False" />
                <line number="68" hits="2" branch="False" />
                <line number="69" hits="2" branch="False" />
              </lines>
            </method>
            <method name=".ctor" signature="()" line-rate="1" branch-rate="1" complexity="1">
              <lines>
                <line number="24" hits="36" branch="False" />
                <line number="26" hits="34" branch="False" />
                <line number="27" hits="34" branch="False" />
                <line number="28" hits="34" branch="False" />
                <line number="29" hits="34" branch="False" />
              </lines>
            </method>
            <method name=".ctor" signature="(System.Int32)" line-rate="1" branch-rate="1" complexity="1">
              <lines>
                <line number="31" hits="2" branch="False" />
                <line number="32" hits="2" branch="False" />
                <line number="33" hits="2" branch="False" />
                <line number="34" hits="2" branch="False" />
              </lines>
            </method>
          </methods>
          <lines>
            <line number="15" hits="72" branch="False" />
            <line number="20" hits="45" branch="False" />
            <line number="37" hits="72" branch="False" />
            <line number="38" hits="72" branch="False" />
            <line number="39" hits="72" branch="False" />
            <line number="42" hits="6" branch="False" />
            <line number="43" hits="6" branch="False" />
            <line number="44" hits="6" branch="False" />
            <line number="47" hits="1" branch="False" />
            <line number="48" hits="1" branch="False" />
            <line number="49" hits="1" branch="False" />
            <line number="50" hits="1" branch="False" />
            <line number="53" hits="15" branch="False" />
            <line number="54" hits="15" branch="True" condition-coverage="100% (4/4)">
              <conditions>
                <condition number="15" type="jump" coverage="100%" />
                <condition number="30" type="jump" coverage="100%" />
              </conditions>
            </line>
            <line number="55" hits="3" branch="False" />
            <line number="56" hits="3" branch="False" />
            <line number="57" hits="3" branch="False" />
            <line number="58" hits="3" branch="False" />
            <line number="59" hits="12" branch="False" />
            <line number="60" hits="3" branch="False" />
            <line number="61" hits="3" branch="False" />
            <line number="64" hits="2" branch="False" />
            <line number="65" hits="2" branch="False" />
            <line number="67" hits="2" branch="False" />
            <line number="68" hits="2" branch="False" />
            <line number="69" hits="2" branch="False" />
            <line number="24" hits="36" branch="False" />
            <line number="26" hits="34" branch="False" />
            <line number="27" hits="34" branch="False" />
            <line number="28" hits="34" branch="False" />
            <line number="29" hits="34" branch="False" />
            <line number="31" hits="2" branch="False" />
            <line number="32" hits="2" branch="False" />
            <line number="33" hits="2" branch="False" />
            <line number="34" hits="2" branch="False" />
          </lines>
        </class>
        <class name="bank.CurrencyConvertor" filename="CurrencyConverter.cs" line-rate="0" branch-rate="1" complexity="3">
          <methods>
            <method name="EurToRon" signature="(System.Single)" line-rate="0" branch-rate="1" complexity="1">
              <lines>
                <line number="22" hits="0" branch="False" />
                <line number="23" hits="0" branch="False" />
                <line number="24" hits="0" branch="False" />
              </lines>
            </method>
            <method name="RonToEur" signature="(System.Single)" line-rate="0" branch-rate="1" complexity="1">
              <lines>
                <line number="27" hits="0" branch="False" />
                <line number="28" hits="0" branch="False" />
                <line number="29" hits="0" branch="False" />
              </lines>
            </method>
            <method name=".ctor" signature="(System.Single)" line-rate="0" branch-rate="1" complexity="1">
              <lines>
                <line number="16" hits="0" branch="False" />
                <line number="17" hits="0" branch="False" />
                <line number="18" hits="0" branch="False" />
                <line number="19" hits="0" branch="False" />
              </lines>
            </method>
          </methods>
          <lines>
            <line number="22" hits="0" branch="False" />
            <line number="23" hits="0" branch="False" />
            <line number="24" hits="0" branch="False" />
            <line number="27" hits="0" branch="False" />
            <line number="28" hits="0" branch="False" />
            <line number="29" hits="0" branch="False" />
            <line number="16" hits="0" branch="False" />
            <line number="17" hits="0" branch="False" />
            <line number="18" hits="0" branch="False" />
            <line number="19" hits="0" branch="False" />
          </lines>
        </class>
      </classes>
    </package>
  </packages>
</coverage>